0 info it worked if it ends with ok
1 verbose cli [ 'C:\\Program Files\\nodejs\\node.exe',
1 verbose cli   'C:\\Program Files\\nodejs\\node_modules\\npm\\bin\\npm-cli.js',
1 verbose cli   'start' ]
2 info using npm@3.10.10
3 info using node@v6.10.2
4 verbose run-script [ 'prestart', 'start', 'poststart' ]
5 info lifecycle angular-seed@0.0.0~prestart: angular-seed@0.0.0
6 verbose lifecycle angular-seed@0.0.0~prestart: unsafe-perm in lifecycle true
7 verbose lifecycle angular-seed@0.0.0~prestart: PATH: C:\Program Files\nodejs\node_modules\npm\bin\node-gyp-bin;D:\NewProject\panda_web_site\node_modules\.bin;C:\ProgramData\Oracle\Java\javapath;C:\WINDOWS\system32;C:\WINDOWS;C:\WINDOWS\System32\Wbem;C:\WINDOWS\System32\WindowsPowerShell\v1.0\;C:\Program Files\Git\cmd;C:\Program Files\nodejs\;"%JAVA_HOME%\bin;%JAVA_HOME%\jre\bin;";%M2_HOME%\bin;C:\Program Files\TortoiseSVN\bin;C:\WINDOWS\System32\OpenSSH\;C:\Users\NM-173\AppData\Local\Microsoft\WindowsApps;C:\Users\NM-173\AppData\Roaming\npm;D:\Program Files\Microsoft VS Code\bin;C:\Program Files (x86)\Fiddler2;C:\Users\NM-173\AppData\Local\GitHubDesktop\bin;%USERPROFILE%\AppData\Local\Microsoft\WindowsApps;
8 verbose lifecycle angular-seed@0.0.0~prestart: CWD: D:\NewProject\panda_web_site
9 silly lifecycle angular-seed@0.0.0~prestart: Args: [ '/d /s /c', 'npm install' ]
10 silly lifecycle angular-seed@0.0.0~prestart: Returned: code: 0  signal: null
11 info lifecycle angular-seed@0.0.0~start: angular-seed@0.0.0
12 verbose lifecycle angular-seed@0.0.0~start: unsafe-perm in lifecycle true
13 verbose lifecycle angular-seed@0.0.0~start: PATH: C:\Program Files\nodejs\node_modules\npm\bin\node-gyp-bin;D:\NewProject\panda_web_site\node_modules\.bin;C:\ProgramData\Oracle\Java\javapath;C:\WINDOWS\system32;C:\WINDOWS;C:\WINDOWS\System32\Wbem;C:\WINDOWS\System32\WindowsPowerShell\v1.0\;C:\Program Files\Git\cmd;C:\Program Files\nodejs\;"%JAVA_HOME%\bin;%JAVA_HOME%\jre\bin;";%M2_HOME%\bin;C:\Program Files\TortoiseSVN\bin;C:\WINDOWS\System32\OpenSSH\;C:\Users\NM-173\AppData\Local\Microsoft\WindowsApps;C:\Users\NM-173\AppData\Roaming\npm;D:\Program Files\Microsoft VS Code\bin;C:\Program Files (x86)\Fiddler2;C:\Users\NM-173\AppData\Local\GitHubDesktop\bin;%USERPROFILE%\AppData\Local\Microsoft\WindowsApps;
14 verbose lifecycle angular-seed@0.0.0~start: CWD: D:\NewProject\panda_web_site
15 silly lifecycle angular-seed@0.0.0~start: Args: [ '/d /s /c', 'http-server -a 0.0.0.0 -p 8015 -c-1' ]
16 verbose stack Error: kill ENOSYS
16 verbose stack     at exports._errnoException (util.js:1018:11)
16 verbose stack     at process.kill (internal/process.js:190:13)
16 verbose stack     at process.listener (C:\Program Files\nodejs\node_modules\npm\node_modules\npmlog\node_modules\gauge\node_modules\signal-exit\index.js:86:15)
16 verbose stack     at emitNone (events.js:91:20)
16 verbose stack     at process.emit (events.js:185:7)
16 verbose stack     at processEmit (C:\Program Files\nodejs\node_modules\npm\node_modules\npmlog\node_modules\gauge\node_modules\signal-exit\index.js:146:32)
16 verbose stack     at processEmit (C:\Program Files\nodejs\node_modules\npm\node_modules\npm-registry-client\node_modules\npmlog\node_modules\gauge\node_modules\signal-exit\index.js:146:32)
16 verbose stack     at Signal.wrap.onsignal (internal/process.js:217:44)
17 verbose cwd D:\NewProject\panda_web_site
18 error Windows_NT 10.0.17134
19 error argv "C:\\Program Files\\nodejs\\node.exe" "C:\\Program Files\\nodejs\\node_modules\\npm\\bin\\npm-cli.js" "start"
20 error node v6.10.2
21 error npm  v3.10.10
22 error code ENOSYS
23 error errno ENOSYS
24 error syscall kill
25 error kill ENOSYS
26 error If you need help, you may report this error at:
26 error     <https://github.com/npm/npm/issues>
27 verbose exit [ 1, true ]
